<?xml version="1.0" encoding="UTF-8"?>
<!-- Generated by org.testng.reporters.JUnitReportReporter -->
<testsuite hostname="DESKTOP-NA9ARPV" failures="0" tests="3" name="com.crm.qa.testcases.HomePageTest" time="70.928" errors="0" timestamp="20 Jul 2022 09:39:02 GMT" skipped="0">
  <testcase classname="com.crm.qa.testcases.HomePageTest" name="verifyHomePageTitleTest" time="28.885"/>
  <testcase classname="com.crm.qa.testcases.HomePageTest" name="verifyUsernameTest" time="26.415"/>
  <testcase classname="com.crm.qa.testcases.HomePageTest" name="verifyContactsLinkTest" time="15.628"/>
</testsuite> <!-- com.crm.qa.testcases.HomePageTest -->
