<?xml version="1.0" encoding="UTF-8"?>
<!-- Generated by org.testng.reporters.JUnitReportReporter -->
<testsuite hostname="DESKTOP-NA9ARPV" failures="0" tests="4" name="com.crm.qa.testcases.ContactsPageTest" time="123.179" errors="0" timestamp="20 Jul 2022 09:39:02 GMT" skipped="0">
  <testcase classname="com.crm.qa.testcases.ContactsPageTest" name="verifyContactsLableTest" time="13.110"/>
  <testcase classname="com.crm.qa.testcases.ContactsPageTest" name="SelectContactsByNameTest" time="28.948"/>
  <testcase classname="com.crm.qa.testcases.ContactsPageTest" name="SelectMultipleContactsTest" time="26.133"/>
  <testcase classname="com.crm.qa.testcases.ContactsPageTest" name="validateCreateNewContact" time="54.988"/>
</testsuite> <!-- com.crm.qa.testcases.ContactsPageTest -->
