<?xml version="1.0" encoding="UTF-8"?>
<!-- Generated by org.testng.reporters.JUnitReportReporter -->
<testsuite hostname="DESKTOP-NA9ARPV" failures="0" tests="3" name="com.crm.qa.testcases.LoginPagetest" time="91.898" errors="0" timestamp="20 Jul 2022 09:39:02 GMT" skipped="0">
  <testcase classname="com.crm.qa.testcases.LoginPagetest" name="loginPageTitleTest" time="6.026"/>
  <testcase classname="com.crm.qa.testcases.LoginPagetest" name="crmLogoImageTest" time="20.498"/>
  <testcase classname="com.crm.qa.testcases.LoginPagetest" name="loginTest" time="65.374"/>
</testsuite> <!-- com.crm.qa.testcases.LoginPagetest -->
